<?xml version="1.0" encoding="UTF-8"?>
<!-- Generated by org.testng.reporters.JUnitReportReporter -->
<testsuite hostname="My-Precious" name="GmailTest" tests="1" failures="0" timestamp="4 May 2017 10:54:28 GMT" time="0.116" errors="0">
  <testcase name="testDB" time="0.116" classname="GmailTest"/>
</testsuite> <!-- GmailTest -->
